<?xml version="1.0" encoding="UTF-8"?>
<testsuite name="lab1.StringCalculatorTest" tests="4" skipped="0" failures="0" errors="0" timestamp="2023-10-14T08:59:23" hostname="DESKTOP-3QTI4UN" time="0.03">
  <properties/>
  <testcase name="test1()" classname="lab1.StringCalculatorTest" time="0.02"/>
  <testcase name="test2()" classname="lab1.StringCalculatorTest" time="0.003"/>
  <testcase name="test3()" classname="lab1.StringCalculatorTest" time="0.003"/>
  <testcase name="test4()" classname="lab1.StringCalculatorTest" time="0.001"/>
  <system-out><![CDATA[]]></system-out>
  <system-err><![CDATA[]]></system-err>
</testsuite>
