<?xml version="1.0" encoding="UTF-8"?>
<testsuite name="lab1.StringCalculatorTest" tests="3" skipped="0" failures="0" errors="0" timestamp="2023-10-14T08:56:42" hostname="DESKTOP-3QTI4UN" time="0.026">
  <properties/>
  <testcase name="test1()" classname="lab1.StringCalculatorTest" time="0.02"/>
  <testcase name="test2()" classname="lab1.StringCalculatorTest" time="0.001"/>
  <testcase name="test3()" classname="lab1.StringCalculatorTest" time="0.002"/>
  <system-out><![CDATA[]]></system-out>
  <system-err><![CDATA[]]></system-err>
</testsuite>
