<?xml version="1.0" encoding="UTF-8"?>
<testsuite name="lab1.StringCalculatorTest" tests="8" skipped="0" failures="0" errors="0" timestamp="2023-10-14T09:09:18" hostname="DESKTOP-3QTI4UN" time="0.049">
  <properties/>
  <testcase name="test1()" classname="lab1.StringCalculatorTest" time="0.027"/>
  <testcase name="test2()" classname="lab1.StringCalculatorTest" time="0.001"/>
  <testcase name="test3()" classname="lab1.StringCalculatorTest" time="0.002"/>
  <testcase name="test4()" classname="lab1.StringCalculatorTest" time="0.0"/>
  <testcase name="test5()" classname="lab1.StringCalculatorTest" time="0.003"/>
  <testcase name="test6()" classname="lab1.StringCalculatorTest" time="0.001"/>
  <testcase name="test7()" classname="lab1.StringCalculatorTest" time="0.002"/>
  <testcase name="test8()" classname="lab1.StringCalculatorTest" time="0.002"/>
  <system-out><![CDATA[]]></system-out>
  <system-err><![CDATA[]]></system-err>
</testsuite>
